2018-11-22 14:33:17  [ main:0 ] - [ DEBUG ]  Logging initialized using 'class org.apache.ibatis.logging.slf4j.Slf4jImpl' adapter.
2018-11-22 14:33:17  [ main:369 ] - [ DEBUG ]  PooledDataSource forcefully closed/removed all connections.
2018-11-22 14:33:17  [ main:370 ] - [ DEBUG ]  PooledDataSource forcefully closed/removed all connections.
2018-11-22 14:33:17  [ main:371 ] - [ DEBUG ]  PooledDataSource forcefully closed/removed all connections.
2018-11-22 14:33:17  [ main:372 ] - [ DEBUG ]  PooledDataSource forcefully closed/removed all connections.
2018-11-22 14:33:18  [ main:503 ] - [ DEBUG ]  Opening JDBC Connection
2018-11-22 14:33:18  [ main:1183 ] - [ DEBUG ]  Created connection 1217467887.
2018-11-22 14:33:18  [ main:1183 ] - [ DEBUG ]  Setting autocommit to false on JDBC Connection [oracle.jdbc.driver.T4CConnection@489115ef]
2018-11-22 14:33:18  [ main:1186 ] - [ DEBUG ]  ==>  Preparing: select * from HR.EMP 
2018-11-22 14:33:18  [ main:1366 ] - [ DEBUG ]  ==> Parameters: 
2018-11-22 14:33:19  [ main:1530 ] - [ DEBUG ]  <==      Total: 27
2018-11-22 14:33:19  [ main:1538 ] - [ DEBUG ]  Resetting autocommit to true on JDBC Connection [oracle.jdbc.driver.T4CConnection@489115ef]
2018-11-22 14:33:19  [ main:1538 ] - [ DEBUG ]  Closing JDBC Connection [oracle.jdbc.driver.T4CConnection@489115ef]
2018-11-22 14:33:19  [ main:1538 ] - [ DEBUG ]  Returned connection 1217467887 to pool.
2018-11-22 14:36:29  [ main:0 ] - [ DEBUG ]  Logging initialized using 'class org.apache.ibatis.logging.slf4j.Slf4jImpl' adapter.
2018-11-22 14:36:29  [ main:199 ] - [ DEBUG ]  PooledDataSource forcefully closed/removed all connections.
2018-11-22 14:36:29  [ main:199 ] - [ DEBUG ]  PooledDataSource forcefully closed/removed all connections.
2018-11-22 14:36:29  [ main:199 ] - [ DEBUG ]  PooledDataSource forcefully closed/removed all connections.
2018-11-22 14:36:29  [ main:215 ] - [ DEBUG ]  PooledDataSource forcefully closed/removed all connections.
2018-11-22 14:36:29  [ main:324 ] - [ DEBUG ]  Opening JDBC Connection
2018-11-22 14:36:30  [ main:982 ] - [ DEBUG ]  Created connection 428566321.
2018-11-22 14:36:30  [ main:982 ] - [ DEBUG ]  Setting autocommit to false on JDBC Connection [oracle.jdbc.driver.T4CConnection@198b6731]
2018-11-22 14:36:30  [ main:982 ] - [ DEBUG ]  ==>  Preparing: select * from HR.EMP where empno=? 
2018-11-22 14:36:30  [ main:1138 ] - [ DEBUG ]  ==> Parameters: 8899(Integer)
2018-11-22 14:36:30  [ main:1266 ] - [ DEBUG ]  <==      Total: 1
2018-11-22 14:36:30  [ main:1282 ] - [ DEBUG ]  Resetting autocommit to true on JDBC Connection [oracle.jdbc.driver.T4CConnection@198b6731]
2018-11-22 14:36:30  [ main:1282 ] - [ DEBUG ]  Closing JDBC Connection [oracle.jdbc.driver.T4CConnection@198b6731]
2018-11-22 14:36:30  [ main:1282 ] - [ DEBUG ]  Returned connection 428566321 to pool.
